<?xml version="1.0" encoding="UTF-8"?>
<testsuite xmlns:xsi="http://www.w3.org/2001/XMLSchema-instance" xsi:noNamespaceSchemaLocation="https://maven.apache.org/surefire/maven-surefire-plugin/xsd/surefire-test-report-3.0.xsd" version="3.0" name="Account Types" time="9.789" tests="1" errors="0" skipped="0" failures="0">
  <properties>
    <property name="java.specification.version" value="13"/>
    <property name="webdriver.chrome.driver" value="/Users/erhanilgar/.cache/selenium/chromedriver/mac-arm64/102.0.5005.61/chromedriver"/>
    <property name="sun.jnu.encoding" value="UTF-8"/>
    <property name="java.class.path" value="/Users/erhanilgar/IdeaProjects/seleniumProject/src/main/MotorolaCucumber/target/test-classes:/Users/erhanilgar/IdeaProjects/seleniumProject/src/main/MotorolaCucumber/target/classes:/Users/erhanilgar/.m2/repository/org/seleniumhq/selenium/selenium-java/3.141.59/selenium-java-3.141.59.jar:/Users/erhanilgar/.m2/repository/org/seleniumhq/selenium/selenium-api/3.141.59/selenium-api-3.141.59.jar:/Users/erhanilgar/.m2/repository/org/seleniumhq/selenium/selenium-chrome-driver/3.141.59/selenium-chrome-driver-3.141.59.jar:/Users/erhanilgar/.m2/repository/org/seleniumhq/selenium/selenium-edge-driver/3.141.59/selenium-edge-driver-3.141.59.jar:/Users/erhanilgar/.m2/repository/org/seleniumhq/selenium/selenium-firefox-driver/3.141.59/selenium-firefox-driver-3.141.59.jar:/Users/erhanilgar/.m2/repository/org/seleniumhq/selenium/selenium-ie-driver/3.141.59/selenium-ie-driver-3.141.59.jar:/Users/erhanilgar/.m2/repository/org/seleniumhq/selenium/selenium-opera-driver/3.141.59/selenium-opera-driver-3.141.59.jar:/Users/erhanilgar/.m2/repository/org/seleniumhq/selenium/selenium-remote-driver/3.141.59/selenium-remote-driver-3.141.59.jar:/Users/erhanilgar/.m2/repository/org/seleniumhq/selenium/selenium-safari-driver/3.141.59/selenium-safari-driver-3.141.59.jar:/Users/erhanilgar/.m2/repository/org/seleniumhq/selenium/selenium-support/3.141.59/selenium-support-3.141.59.jar:/Users/erhanilgar/.m2/repository/net/bytebuddy/byte-buddy/1.8.15/byte-buddy-1.8.15.jar:/Users/erhanilgar/.m2/repository/org/apache/commons/commons-exec/1.3/commons-exec-1.3.jar:/Users/erhanilgar/.m2/repository/com/google/guava/guava/25.0-jre/guava-25.0-jre.jar:/Users/erhanilgar/.m2/repository/com/google/code/findbugs/jsr305/1.3.9/jsr305-1.3.9.jar:/Users/erhanilgar/.m2/repository/org/checkerframework/checker-compat-qual/2.0.0/checker-compat-qual-2.0.0.jar:/Users/erhanilgar/.m2/repository/com/google/errorprone/error_prone_annotations/2.1.3/error_prone_annotations-2.1.3.jar:/Users/erhanilgar/.m2/repository/com/google/j2objc/j2objc-annotations/1.1/j2objc-annotations-1.1.jar:/Users/erhanilgar/.m2/repository/org/codehaus/mojo/animal-sniffer-annotations/1.14/animal-sniffer-annotations-1.14.jar:/Users/erhanilgar/.m2/repository/com/squareup/okhttp3/okhttp/3.11.0/okhttp-3.11.0.jar:/Users/erhanilgar/.m2/repository/com/squareup/okio/okio/1.14.0/okio-1.14.0.jar:/Users/erhanilgar/.m2/repository/io/github/bonigarcia/webdrivermanager/5.1.1/webdrivermanager-5.1.1.jar:/Users/erhanilgar/.m2/repository/org/slf4j/slf4j-api/1.7.36/slf4j-api-1.7.36.jar:/Users/erhanilgar/.m2/repository/com/google/code/gson/gson/2.9.0/gson-2.9.0.jar:/Users/erhanilgar/.m2/repository/com/github/docker-java/docker-java/3.2.13/docker-java-3.2.13.jar:/Users/erhanilgar/.m2/repository/com/github/docker-java/docker-java-core/3.2.13/docker-java-core-3.2.13.jar:/Users/erhanilgar/.m2/repository/com/github/docker-java/docker-java-api/3.2.13/docker-java-api-3.2.13.jar:/Users/erhanilgar/.m2/repository/org/apache/commons/commons-compress/1.21/commons-compress-1.21.jar:/Users/erhanilgar/.m2/repository/org/bouncycastle/bcpkix-jdk15on/1.64/bcpkix-jdk15on-1.64.jar:/Users/erhanilgar/.m2/repository/org/bouncycastle/bcprov-jdk15on/1.64/bcprov-jdk15on-1.64.jar:/Users/erhanilgar/.m2/repository/org/slf4j/jcl-over-slf4j/1.7.30/jcl-over-slf4j-1.7.30.jar:/Users/erhanilgar/.m2/repository/com/github/docker-java/docker-java-transport-httpclient5/3.2.13/docker-java-transport-httpclient5-3.2.13.jar:/Users/erhanilgar/.m2/repository/com/github/docker-java/docker-java-transport/3.2.13/docker-java-transport-3.2.13.jar:/Users/erhanilgar/.m2/repository/net/java/dev/jna/jna/5.8.0/jna-5.8.0.jar:/Users/erhanilgar/.m2/repository/org/brotli/dec/0.1.2/dec-0.1.2.jar:/Users/erhanilgar/.m2/repository/org/apache/commons/commons-lang3/3.12.0/commons-lang3-3.12.0.jar:/Users/erhanilgar/.m2/repository/org/apache/httpcomponents/client5/httpclient5/5.1.3/httpclient5-5.1.3.jar:/Users/erhanilgar/.m2/repository/org/apache/httpcomponents/core5/httpcore5/5.1.3/httpcore5-5.1.3.jar:/Users/erhanilgar/.m2/repository/org/apache/httpcomponents/core5/httpcore5-h2/5.1.3/httpcore5-h2-5.1.3.jar:/Users/erhanilgar/.m2/repository/commons-codec/commons-codec/1.15/commons-codec-1.15.jar:/Users/erhanilgar/.m2/repository/io/cucumber/cucumber-java/5.7.0/cucumber-java-5.7.0.jar:/Users/erhanilgar/.m2/repository/io/cucumber/cucumber-core/5.7.0/cucumber-core-5.7.0.jar:/Users/erhanilgar/.m2/repository/io/cucumber/cucumber-gherkin/5.7.0/cucumber-gherkin-5.7.0.jar:/Users/erhanilgar/.m2/repository/io/cucumber/cucumber-gherkin-vintage/5.7.0/cucumber-gherkin-vintage-5.7.0.jar:/Users/erhanilgar/.m2/repository/io/cucumber/tag-expressions/2.0.4/tag-expressions-2.0.4.jar:/Users/erhanilgar/.m2/repository/io/cucumber/cucumber-expressions/8.3.1/cucumber-expressions-8.3.1.jar:/Users/erhanilgar/.m2/repository/io/cucumber/datatable/3.3.1/datatable-3.3.1.jar:/Users/erhanilgar/.m2/repository/io/cucumber/cucumber-plugin/5.7.0/cucumber-plugin-5.7.0.jar:/Users/erhanilgar/.m2/repository/io/cucumber/docstring/5.7.0/docstring-5.7.0.jar:/Users/erhanilgar/.m2/repository/org/apiguardian/apiguardian-api/1.1.0/apiguardian-api-1.1.0.jar:/Users/erhanilgar/.m2/repository/io/cucumber/cucumber-junit/5.7.0/cucumber-junit-5.7.0.jar:/Users/erhanilgar/.m2/repository/junit/junit/4.13/junit-4.13.jar:/Users/erhanilgar/.m2/repository/org/hamcrest/hamcrest-core/1.3/hamcrest-core-1.3.jar:/Users/erhanilgar/.m2/repository/de/monochromata/cucumber/reporting-plugin/4.0.54/reporting-plugin-4.0.54.jar:/Users/erhanilgar/.m2/repository/io/cucumber/gherkin/13.0.0/gherkin-13.0.0.jar:/Users/erhanilgar/.m2/repository/io/cucumber/messages/12.0.0/messages-12.0.0.jar:/Users/erhanilgar/.m2/repository/net/masterthought/cucumber-reporting/5.3.0/cucumber-reporting-5.3.0.jar:/Users/erhanilgar/.m2/repository/com/fasterxml/jackson/core/jackson-databind/2.10.1/jackson-databind-2.10.1.jar:/Users/erhanilgar/.m2/repository/com/fasterxml/jackson/core/jackson-annotations/2.10.1/jackson-annotations-2.10.1.jar:/Users/erhanilgar/.m2/repository/com/fasterxml/jackson/core/jackson-core/2.10.1/jackson-core-2.10.1.jar:/Users/erhanilgar/.m2/repository/com/fasterxml/jackson/datatype/jackson-datatype-jsr310/2.10.1/jackson-datatype-jsr310-2.10.1.jar:/Users/erhanilgar/.m2/repository/org/apache/velocity/velocity-engine-core/2.1/velocity-engine-core-2.1.jar:/Users/erhanilgar/.m2/repository/commons-collections/commons-collections/3.2.2/commons-collections-3.2.2.jar:/Users/erhanilgar/.m2/repository/joda-time/joda-time/2.10.5/joda-time-2.10.5.jar:/Users/erhanilgar/.m2/repository/commons-io/commons-io/2.6/commons-io-2.6.jar:/Users/erhanilgar/.m2/repository/org/codehaus/plexus/plexus-utils/3.3.0/plexus-utils-3.3.0.jar:/Users/erhanilgar/.m2/repository/org/jsoup/jsoup/1.12.1/jsoup-1.12.1.jar:/Users/erhanilgar/.m2/repository/com/googlecode/owasp-java-html-sanitizer/owasp-java-html-sanitizer/20191001.1/owasp-java-html-sanitizer-20191001.1.jar:/Users/erhanilgar/.m2/repository/commons-configuration/commons-configuration/1.10/commons-configuration-1.10.jar:/Users/erhanilgar/.m2/repository/commons-lang/commons-lang/2.6/commons-lang-2.6.jar:/Users/erhanilgar/.m2/repository/commons-logging/commons-logging/1.1.1/commons-logging-1.1.1.jar:"/>
    <property name="java.vm.vendor" value="Azul Systems, Inc."/>
    <property name="sun.arch.data.model" value="64"/>
    <property name="java.vendor.url" value="http://www.azul.com/"/>
    <property name="user.timezone" value="Europe/London"/>
    <property name="os.name" value="Mac OS X"/>
    <property name="java.vm.specification.version" value="13"/>
    <property name="sun.java.launcher" value="SUN_STANDARD"/>
    <property name="user.country" value="GB"/>
    <property name="sun.boot.library.path" value="/Users/erhanilgar/Library/Java/JavaVirtualMachines/azul-13.0.9/Contents/Home/lib"/>
    <property name="sun.java.command" value="/Users/erhanilgar/IdeaProjects/seleniumProject/src/main/MotorolaCucumber/target/surefire/surefirebooter14332811827040971651.jar /Users/erhanilgar/IdeaProjects/seleniumProject/src/main/MotorolaCucumber/target/surefire 2022-06-02T12-34-10_373-jvmRun1 surefire11578465161559721802tmp surefire_014861593514282840055tmp"/>
    <property name="http.nonProxyHosts" value="local|*.local|169.254/16|*.169.254/16"/>
    <property name="jdk.debug" value="release"/>
    <property name="surefire.test.class.path" value="/Users/erhanilgar/IdeaProjects/seleniumProject/src/main/MotorolaCucumber/target/test-classes:/Users/erhanilgar/IdeaProjects/seleniumProject/src/main/MotorolaCucumber/target/classes:/Users/erhanilgar/.m2/repository/org/seleniumhq/selenium/selenium-java/3.141.59/selenium-java-3.141.59.jar:/Users/erhanilgar/.m2/repository/org/seleniumhq/selenium/selenium-api/3.141.59/selenium-api-3.141.59.jar:/Users/erhanilgar/.m2/repository/org/seleniumhq/selenium/selenium-chrome-driver/3.141.59/selenium-chrome-driver-3.141.59.jar:/Users/erhanilgar/.m2/repository/org/seleniumhq/selenium/selenium-edge-driver/3.141.59/selenium-edge-driver-3.141.59.jar:/Users/erhanilgar/.m2/repository/org/seleniumhq/selenium/selenium-firefox-driver/3.141.59/selenium-firefox-driver-3.141.59.jar:/Users/erhanilgar/.m2/repository/org/seleniumhq/selenium/selenium-ie-driver/3.141.59/selenium-ie-driver-3.141.59.jar:/Users/erhanilgar/.m2/repository/org/seleniumhq/selenium/selenium-opera-driver/3.141.59/selenium-opera-driver-3.141.59.jar:/Users/erhanilgar/.m2/repository/org/seleniumhq/selenium/selenium-remote-driver/3.141.59/selenium-remote-driver-3.141.59.jar:/Users/erhanilgar/.m2/repository/org/seleniumhq/selenium/selenium-safari-driver/3.141.59/selenium-safari-driver-3.141.59.jar:/Users/erhanilgar/.m2/repository/org/seleniumhq/selenium/selenium-support/3.141.59/selenium-support-3.141.59.jar:/Users/erhanilgar/.m2/repository/net/bytebuddy/byte-buddy/1.8.15/byte-buddy-1.8.15.jar:/Users/erhanilgar/.m2/repository/org/apache/commons/commons-exec/1.3/commons-exec-1.3.jar:/Users/erhanilgar/.m2/repository/com/google/guava/guava/25.0-jre/guava-25.0-jre.jar:/Users/erhanilgar/.m2/repository/com/google/code/findbugs/jsr305/1.3.9/jsr305-1.3.9.jar:/Users/erhanilgar/.m2/repository/org/checkerframework/checker-compat-qual/2.0.0/checker-compat-qual-2.0.0.jar:/Users/erhanilgar/.m2/repository/com/google/errorprone/error_prone_annotations/2.1.3/error_prone_annotations-2.1.3.jar:/Users/erhanilgar/.m2/repository/com/google/j2objc/j2objc-annotations/1.1/j2objc-annotations-1.1.jar:/Users/erhanilgar/.m2/repository/org/codehaus/mojo/animal-sniffer-annotations/1.14/animal-sniffer-annotations-1.14.jar:/Users/erhanilgar/.m2/repository/com/squareup/okhttp3/okhttp/3.11.0/okhttp-3.11.0.jar:/Users/erhanilgar/.m2/repository/com/squareup/okio/okio/1.14.0/okio-1.14.0.jar:/Users/erhanilgar/.m2/repository/io/github/bonigarcia/webdrivermanager/5.1.1/webdrivermanager-5.1.1.jar:/Users/erhanilgar/.m2/repository/org/slf4j/slf4j-api/1.7.36/slf4j-api-1.7.36.jar:/Users/erhanilgar/.m2/repository/com/google/code/gson/gson/2.9.0/gson-2.9.0.jar:/Users/erhanilgar/.m2/repository/com/github/docker-java/docker-java/3.2.13/docker-java-3.2.13.jar:/Users/erhanilgar/.m2/repository/com/github/docker-java/docker-java-core/3.2.13/docker-java-core-3.2.13.jar:/Users/erhanilgar/.m2/repository/com/github/docker-java/docker-java-api/3.2.13/docker-java-api-3.2.13.jar:/Users/erhanilgar/.m2/repository/org/apache/commons/commons-compress/1.21/commons-compress-1.21.jar:/Users/erhanilgar/.m2/repository/org/bouncycastle/bcpkix-jdk15on/1.64/bcpkix-jdk15on-1.64.jar:/Users/erhanilgar/.m2/repository/org/bouncycastle/bcprov-jdk15on/1.64/bcprov-jdk15on-1.64.jar:/Users/erhanilgar/.m2/repository/org/slf4j/jcl-over-slf4j/1.7.30/jcl-over-slf4j-1.7.30.jar:/Users/erhanilgar/.m2/repository/com/github/docker-java/docker-java-transport-httpclient5/3.2.13/docker-java-transport-httpclient5-3.2.13.jar:/Users/erhanilgar/.m2/repository/com/github/docker-java/docker-java-transport/3.2.13/docker-java-transport-3.2.13.jar:/Users/erhanilgar/.m2/repository/net/java/dev/jna/jna/5.8.0/jna-5.8.0.jar:/Users/erhanilgar/.m2/repository/org/brotli/dec/0.1.2/dec-0.1.2.jar:/Users/erhanilgar/.m2/repository/org/apache/commons/commons-lang3/3.12.0/commons-lang3-3.12.0.jar:/Users/erhanilgar/.m2/repository/org/apache/httpcomponents/client5/httpclient5/5.1.3/httpclient5-5.1.3.jar:/Users/erhanilgar/.m2/repository/org/apache/httpcomponents/core5/httpcore5/5.1.3/httpcore5-5.1.3.jar:/Users/erhanilgar/.m2/repository/org/apache/httpcomponents/core5/httpcore5-h2/5.1.3/httpcore5-h2-5.1.3.jar:/Users/erhanilgar/.m2/repository/commons-codec/commons-codec/1.15/commons-codec-1.15.jar:/Users/erhanilgar/.m2/repository/io/cucumber/cucumber-java/5.7.0/cucumber-java-5.7.0.jar:/Users/erhanilgar/.m2/repository/io/cucumber/cucumber-core/5.7.0/cucumber-core-5.7.0.jar:/Users/erhanilgar/.m2/repository/io/cucumber/cucumber-gherkin/5.7.0/cucumber-gherkin-5.7.0.jar:/Users/erhanilgar/.m2/repository/io/cucumber/cucumber-gherkin-vintage/5.7.0/cucumber-gherkin-vintage-5.7.0.jar:/Users/erhanilgar/.m2/repository/io/cucumber/tag-expressions/2.0.4/tag-expressions-2.0.4.jar:/Users/erhanilgar/.m2/repository/io/cucumber/cucumber-expressions/8.3.1/cucumber-expressions-8.3.1.jar:/Users/erhanilgar/.m2/repository/io/cucumber/datatable/3.3.1/datatable-3.3.1.jar:/Users/erhanilgar/.m2/repository/io/cucumber/cucumber-plugin/5.7.0/cucumber-plugin-5.7.0.jar:/Users/erhanilgar/.m2/repository/io/cucumber/docstring/5.7.0/docstring-5.7.0.jar:/Users/erhanilgar/.m2/repository/org/apiguardian/apiguardian-api/1.1.0/apiguardian-api-1.1.0.jar:/Users/erhanilgar/.m2/repository/io/cucumber/cucumber-junit/5.7.0/cucumber-junit-5.7.0.jar:/Users/erhanilgar/.m2/repository/junit/junit/4.13/junit-4.13.jar:/Users/erhanilgar/.m2/repository/org/hamcrest/hamcrest-core/1.3/hamcrest-core-1.3.jar:/Users/erhanilgar/.m2/repository/de/monochromata/cucumber/reporting-plugin/4.0.54/reporting-plugin-4.0.54.jar:/Users/erhanilgar/.m2/repository/io/cucumber/gherkin/13.0.0/gherkin-13.0.0.jar:/Users/erhanilgar/.m2/repository/io/cucumber/messages/12.0.0/messages-12.0.0.jar:/Users/erhanilgar/.m2/repository/net/masterthought/cucumber-reporting/5.3.0/cucumber-reporting-5.3.0.jar:/Users/erhanilgar/.m2/repository/com/fasterxml/jackson/core/jackson-databind/2.10.1/jackson-databind-2.10.1.jar:/Users/erhanilgar/.m2/repository/com/fasterxml/jackson/core/jackson-annotations/2.10.1/jackson-annotations-2.10.1.jar:/Users/erhanilgar/.m2/repository/com/fasterxml/jackson/core/jackson-core/2.10.1/jackson-core-2.10.1.jar:/Users/erhanilgar/.m2/repository/com/fasterxml/jackson/datatype/jackson-datatype-jsr310/2.10.1/jackson-datatype-jsr310-2.10.1.jar:/Users/erhanilgar/.m2/repository/org/apache/velocity/velocity-engine-core/2.1/velocity-engine-core-2.1.jar:/Users/erhanilgar/.m2/repository/commons-collections/commons-collections/3.2.2/commons-collections-3.2.2.jar:/Users/erhanilgar/.m2/repository/joda-time/joda-time/2.10.5/joda-time-2.10.5.jar:/Users/erhanilgar/.m2/repository/commons-io/commons-io/2.6/commons-io-2.6.jar:/Users/erhanilgar/.m2/repository/org/codehaus/plexus/plexus-utils/3.3.0/plexus-utils-3.3.0.jar:/Users/erhanilgar/.m2/repository/org/jsoup/jsoup/1.12.1/jsoup-1.12.1.jar:/Users/erhanilgar/.m2/repository/com/googlecode/owasp-java-html-sanitizer/owasp-java-html-sanitizer/20191001.1/owasp-java-html-sanitizer-20191001.1.jar:/Users/erhanilgar/.m2/repository/commons-configuration/commons-configuration/1.10/commons-configuration-1.10.jar:/Users/erhanilgar/.m2/repository/commons-lang/commons-lang/2.6/commons-lang-2.6.jar:/Users/erhanilgar/.m2/repository/commons-logging/commons-logging/1.1.1/commons-logging-1.1.1.jar:"/>
    <property name="sun.cpu.endian" value="little"/>
    <property name="user.home" value="/Users/erhanilgar"/>
    <property name="user.language" value="en"/>
    <property name="java.specification.vendor" value="Oracle Corporation"/>
    <property name="java.version.date" value="2021-10-19"/>
    <property name="java.home" value="/Users/erhanilgar/Library/Java/JavaVirtualMachines/azul-13.0.9/Contents/Home"/>
    <property name="file.separator" value="/"/>
    <property name="basedir" value="/Users/erhanilgar/IdeaProjects/seleniumProject/src/main/MotorolaCucumber"/>
    <property name="java.vm.compressedOopsMode" value="Zero based"/>
    <property name="line.separator" value="&#10;"/>
    <property name="java.vm.specification.vendor" value="Oracle Corporation"/>
    <property name="jdk.vendor.version" value="Zulu13.44+13-CA"/>
    <property name="java.specification.name" value="Java Platform API Specification"/>
    <property name="surefire.real.class.path" value="/Users/erhanilgar/IdeaProjects/seleniumProject/src/main/MotorolaCucumber/target/surefire/surefirebooter14332811827040971651.jar"/>
    <property name="sun.management.compiler" value="HotSpot 64-Bit Tiered Compilers"/>
    <property name="ftp.nonProxyHosts" value="local|*.local|169.254/16|*.169.254/16"/>
    <property name="java.runtime.version" value="13.0.9+3-MTS"/>
    <property name="user.name" value="erhanilgar"/>
    <property name="path.separator" value=":"/>
    <property name="os.version" value="12.4"/>
    <property name="java.runtime.name" value="OpenJDK Runtime Environment"/>
    <property name="file.encoding" value="UTF-8"/>
    <property name="java.vm.name" value="OpenJDK 64-Bit Server VM"/>
    <property name="java.vendor.version" value="Zulu13.44+13-CA"/>
    <property name="localRepository" value="/Users/erhanilgar/.m2/repository"/>
    <property name="java.vendor.url.bug" value="http://www.azul.com/support/"/>
    <property name="java.io.tmpdir" value="/var/folders/lc/wf9jqgv92pd61sxt135gl4v40000gn/T/"/>
    <property name="java.version" value="13.0.9"/>
    <property name="user.dir" value="/Users/erhanilgar/IdeaProjects/seleniumProject/src/main/MotorolaCucumber"/>
    <property name="os.arch" value="aarch64"/>
    <property name="java.vm.specification.name" value="Java Virtual Machine Specification"/>
    <property name="java.library.path" value="/Users/erhanilgar/Library/Java/Extensions:/Library/Java/Extensions:/Network/Library/Java/Extensions:/System/Library/Java/Extensions:/usr/lib/java:."/>
    <property name="java.vm.info" value="mixed mode"/>
    <property name="java.vendor" value="Azul Systems, Inc."/>
    <property name="java.vm.version" value="13.0.9+3-MTS"/>
    <property name="sun.io.unicode.encoding" value="UnicodeBig"/>
    <property name="socksNonProxyHosts" value="local|*.local|169.254/16|*.169.254/16"/>
    <property name="java.class.version" value="57.0"/>
  </properties>
  <testcase name="Teacher User" classname="Account Types" time="9.789">
    <system-out><![CDATA[--- This Statement comes from BEFORE ---
--- This Statement comes from AFTER ---
]]></system-out>
    <system-err><![CDATA[Starting ChromeDriver 102.0.5005.61 (0e59bcc00cc4985ce39ad31c150065f159d95ad3-refs/branch-heads/5005@{#819}) on port 1060
Only local connections are allowed.
Please see https://chromedriver.chromium.org/security-considerations for suggestions on keeping ChromeDriver safe.
ChromeDriver was started successfully.
Jun 02, 2022 12:34:13 PM org.openqa.selenium.remote.ProtocolHandshake createSession
INFO: Detected dialect: W3C
]]></system-err>
  </testcase>
</testsuite>